#
# There is insufficient memory for the Java Runtime Environment to continue.
# Native memory allocation (malloc) failed to allocate 32744 bytes for ChunkPool::allocate
# Possible reasons:
#   The system is out of physical RAM or swap space
#   In 32 bit mode, the process size limit was hit
# Possible solutions:
#   Reduce memory load on the system
#   Increase physical memory or swap space
#   Check if swap backing store is full
#   Use 64 bit Java on a 64 bit OS
#   Decrease Java heap size (-Xmx/-Xms)
#   Decrease number of Java threads
#   Decrease Java thread stack sizes (-Xss)
#   Set larger code cache with -XX:ReservedCodeCacheSize=
# This output file may be truncated or incomplete.
#
#  Out of Memory Error (allocation.cpp:273), pid=10860, tid=0x0000000000003c4c
#
# JRE version: Java(TM) SE Runtime Environment (8.0_121-b13) (build 1.8.0_121-b13)
# Java VM: Java HotSpot(TM) 64-Bit Server VM (25.121-b13 mixed mode windows-amd64 compressed oops)
# Failed to write core dump. Minidumps are not enabled by default on client versions of Windows
#

---------------  T H R E A D  ---------------

Current thread (0x00000000195a6000):  JavaThread "C2 CompilerThread0" daemon [_thread_in_native, id=15436, stack(0x0000000019c50000,0x0000000019d50000)]

Stack: [0x0000000019c50000,0x0000000019d50000]
[error occurred during error reporting (printing stack bounds), id 0xc0000005]

Native frames: (J=compiled Java code, j=interpreted, Vv=VM code, C=native code)


Current CompileTask:
C2:    283  194       4       jdk.internal.org.objectweb.asm.ByteVector::putUTF8 (142 bytes)


---------------  P R O C E S S  ---------------

Java Threads: ( => current thread )
  0x0000000019625000 JavaThread "Service Thread" daemon [_thread_blocked, id=7708, stack(0x0000000019f50000,0x000000001a050000)]
  0x00000000195b2800 JavaThread "C1 CompilerThread2" daemon [_thread_in_native, id=8312, stack(0x0000000019e50000,0x0000000019f50000)]
  0x00000000195a8000 JavaThread "C2 CompilerThread1" daemon [_thread_blocked, id=9460, stack(0x0000000019d50000,0x0000000019e50000)]
=>0x00000000195a6000 JavaThread "C2 CompilerThread0" daemon [_thread_in_native, id=15436, stack(0x0000000019c50000,0x0000000019d50000)]
  0x0000000019597800 JavaThread "Monitor Ctrl-Break" daemon [_thread_in_native, id=14016, stack(0x0000000019b50000,0x0000000019c50000)]
  0x00000000181e0000 JavaThread "Attach Listener" daemon [_thread_blocked, id=14604, stack(0x0000000019a50000,0x0000000019b50000)]
  0x0000000019558800 JavaThread "Signal Dispatcher" daemon [_thread_blocked, id=3740, stack(0x0000000019950000,0x0000000019a50000)]
  0x00000000037cd000 JavaThread "Finalizer" daemon [_thread_blocked, id=3116, stack(0x0000000019450000,0x0000000019550000)]
  0x00000000037c2000 JavaThread "Reference Handler" daemon [_thread_blocked, id=10624, stack(0x0000000019350000,0x0000000019450000)]
  0x00000000034de000 JavaThread "main" [_thread_in_vm, id=14392, stack(0x0000000003300000,0x0000000003400000)]

Other Threads:
  0x0000000018197000 VMThread [stack: 0x0000000019250000,0x0000000019350000] [id=7760]
  0x000000001967d800 WatcherThread [stack: 0x000000001a050000,0x000000001a150000] [id=17144]

VM state:not at safepoint (normal execution)

VM Mutex/Monitor currently owned by a thread: None

Heap:
 PSYoungGen      total 37888K, used 5259K [0x00000000d6980000, 0x00000000d9380000, 0x0000000100000000)
  eden space 32768K, 16% used [0x00000000d6980000,0x00000000d6ea2e38,0x00000000d8980000)
  from space 5120K, 0% used [0x00000000d8e80000,0x00000000d8e80000,0x00000000d9380000)
  to   space 5120K, 0% used [0x00000000d8980000,0x00000000d8980000,0x00000000d8e80000)
 ParOldGen       total 86016K, used 0K [0x0000000083c00000, 0x0000000089000000, 0x00000000d6980000)
  object space 86016K, 0% used [0x0000000083c00000,0x0000000083c00000,0x0000000089000000)
 Metaspace       used 5073K, capacity 5210K, committed 5376K, reserved 1056768K
  class space    used 582K, capacity 641K, committed 768K, reserved 1048576K

Card table byte_map: [0x0000000012b90000,0x0000000012f80000] byte_map_base: 0x0000000012772000

Marking Bits: (ParMarkBitMap*) 0x000000007391b6d0
 Begin Bits: [0x0000000013620000, 0x0000000015530000)
 End Bits:   [0x0000000015530000, 0x0000000017440000)

Polling page: 0x00000000015a0000

CodeCache: size=245760Kb used=1441Kb max_used=1441Kb free=244318Kb
 bounds [0x00000000037d0000, 0x0000000003a40000, 0x00000000127d0000]
 total_blobs=484 nmethods=197 adapters=200
 compilation: enabled

Compilation events (10 events):
Event: 0.269 Thread 0x00000000195b2800  171       1       java.lang.invoke.MethodHandle::type (5 bytes)
Event: 0.270 Thread 0x00000000195b2800 nmethod 171 0x00000000039220d0 code [0x0000000003922220, 0x0000000003922330]
Event: 0.270 Thread 0x00000000195b2800  174       3       jdk.internal.org.objectweb.asm.Type::getArgumentsAndReturnSizes (151 bytes)
Event: 0.271 Thread 0x00000000195b2800 nmethod 174 0x0000000003922b90 code [0x0000000003922dc0, 0x0000000003923b58]
Event: 0.271 Thread 0x00000000195b2800  176       3       java.lang.invoke.InvokerBytecodeGenerator::isStaticallyNameable (116 bytes)
Event: 0.273 Thread 0x00000000195b2800 nmethod 176 0x0000000003924510 code [0x0000000003924880, 0x0000000003926958]
Event: 0.273 Thread 0x00000000195b2800  185       3       java.util.concurrent.ConcurrentHashMap::get (162 bytes)
Event: 0.274 Thread 0x00000000195b2800 nmethod 185 0x0000000003927f10 code [0x0000000003928120, 0x0000000003928c98]
Event: 0.274 Thread 0x00000000195b2800  179       3       jdk.internal.org.objectweb.asm.Frame::execute (2252 bytes)
Event: 0.276 Thread 0x00000000195a6000  194       4       jdk.internal.org.objectweb.asm.ByteVector::putUTF8 (142 bytes)

GC Heap History (0 events):
No events

Deoptimization events (0 events):
No events

Internal exceptions (9 events):
Event: 0.046 Thread 0x00000000034de000 Exception <a 'java/lang/NoSuchMethodError': Method sun.misc.Unsafe.defineClass(Ljava/lang/String;[BII)Ljava/lang/Class; name or signature does not match> (0x00000000d6987ca8) thrown at [C:\re\workspace\8-2-build-windows-amd64-cygwin\jdk8u121\8372\hotspot\
Event: 0.046 Thread 0x00000000034de000 Exception <a 'java/lang/NoSuchMethodError': Method sun.misc.Unsafe.prefetchRead(Ljava/lang/Object;J)V name or signature does not match> (0x00000000d6987f90) thrown at [C:\re\workspace\8-2-build-windows-amd64-cygwin\jdk8u121\8372\hotspot\src\share\vm\prims
Event: 0.210 Thread 0x00000000034de000 Exception <a 'java/security/PrivilegedActionException'> (0x00000000d6cdfb80) thrown at [C:\re\workspace\8-2-build-windows-amd64-cygwin\jdk8u121\8372\hotspot\src\share\vm\prims\jvm.cpp, line 1390]
Event: 0.210 Thread 0x00000000034de000 Exception <a 'java/security/PrivilegedActionException'> (0x00000000d6cdfd90) thrown at [C:\re\workspace\8-2-build-windows-amd64-cygwin\jdk8u121\8372\hotspot\src\share\vm\prims\jvm.cpp, line 1390]
Event: 0.212 Thread 0x00000000034de000 Exception <a 'java/security/PrivilegedActionException'> (0x00000000d6ce2408) thrown at [C:\re\workspace\8-2-build-windows-amd64-cygwin\jdk8u121\8372\hotspot\src\share\vm\prims\jvm.cpp, line 1390]
Event: 0.212 Thread 0x00000000034de000 Exception <a 'java/security/PrivilegedActionException'> (0x00000000d6ce2618) thrown at [C:\re\workspace\8-2-build-windows-amd64-cygwin\jdk8u121\8372\hotspot\src\share\vm\prims\jvm.cpp, line 1390]
Event: 0.227 Thread 0x00000000034de000 Exception <a 'java/io/FileNotFoundException'> (0x00000000d6cf6c38) thrown at [C:\re\workspace\8-2-build-windows-amd64-cygwin\jdk8u121\8372\hotspot\src\share\vm\prims\jni.cpp, line 709]
Event: 0.275 Thread 0x00000000034de000 Exception <a 'java/lang/NoSuchFieldError': method resolution failed> (0x00000000d6e237e8) thrown at [C:\re\workspace\8-2-build-windows-amd64-cygwin\jdk8u121\8372\hotspot\src\share\vm\prims\methodHandles.cpp, line 1146]
Event: 0.277 Thread 0x00000000034de000 Exception <a 'java/lang/NoSuchFieldError': method resolution failed> (0x00000000d6e31660) thrown at [C:\re\workspace\8-2-build-windows-amd64-cygwin\jdk8u121\8372\hotspot\src\share\vm\prims\methodHandles.cpp, line 1146]

Events (10 events):
Event: 0.275 loading class java/lang/IllegalAccessException
Event: 0.275 loading class java/lang/IllegalAccessException done
Event: 0.279 loading class java/lang/invoke/LambdaFormEditor
Event: 0.279 loading class java/lang/invoke/LambdaFormEditor done
Event: 0.279 loading class java/lang/invoke/LambdaFormEditor$Transform$Kind
Event: 0.280 loading class java/lang/invoke/LambdaFormEditor$Transform$Kind done
Event: 0.280 loading class java/lang/invoke/LambdaFormEditor$Transform
Event: 0.280 loading class java/lang/invoke/LambdaFormEditor$Transform done
Event: 0.280 loading class java/lang/invoke/LambdaFormBuffer
Event: 0.280 loading class java/lang/invoke/LambdaFormBuffer done


Dynamic libraries:
0x00007ff753e30000 - 0x00007ff753e67000 	D:\tools\java8\jdk\bin\java.exe
0x00007ffefe5f0000 - 0x00007ffefe7d1000 	C:\WINDOWS\SYSTEM32\ntdll.dll
0x00007ffefe3d0000 - 0x00007ffefe482000 	C:\WINDOWS\System32\KERNEL32.DLL
0x00007ffefb640000 - 0x00007ffefb8b3000 	C:\WINDOWS\System32\KERNELBASE.dll
0x00007ffefd810000 - 0x00007ffefd8b1000 	C:\WINDOWS\System32\ADVAPI32.dll
0x00007ffefde80000 - 0x00007ffefdf1e000 	C:\WINDOWS\System32\msvcrt.dll
0x00007ffefdf20000 - 0x00007ffefdf7b000 	C:\WINDOWS\System32\sechost.dll
0x00007ffefd6d0000 - 0x00007ffefd7f4000 	C:\WINDOWS\System32\RPCRT4.dll
0x00007ffefd9c0000 - 0x00007ffefdb50000 	C:\WINDOWS\System32\USER32.dll
0x00007ffefb8c0000 - 0x00007ffefb8e0000 	C:\WINDOWS\System32\win32u.dll
0x00007ffefe520000 - 0x00007ffefe548000 	C:\WINDOWS\System32\GDI32.dll
0x00007ffefb8e0000 - 0x00007ffefba72000 	C:\WINDOWS\System32\gdi32full.dll
0x00007ffefac30000 - 0x00007ffefaccf000 	C:\WINDOWS\System32\msvcp_win.dll
0x00007ffefb540000 - 0x00007ffefb63a000 	C:\WINDOWS\System32\ucrtbase.dll
0x00007ffee7f20000 - 0x00007ffee8189000 	C:\WINDOWS\WinSxS\amd64_microsoft.windows.common-controls_6595b64144ccf1df_6.0.17134.48_none_b4b2216a3cb4dd3e\COMCTL32.dll
0x00007ffefdb50000 - 0x00007ffefde73000 	C:\WINDOWS\System32\combase.dll
0x00007ffefabb0000 - 0x00007ffefac2a000 	C:\WINDOWS\System32\bcryptPrimitives.dll
0x00007ffefe490000 - 0x00007ffefe4bd000 	C:\WINDOWS\System32\IMM32.DLL
0x0000000074c60000 - 0x0000000074d32000 	D:\tools\java8\jdk\jre\bin\msvcr100.dll
0x0000000073100000 - 0x000000007399b000 	D:\tools\java8\jdk\jre\bin\server\jvm.dll
0x00007ffefbe30000 - 0x00007ffefbe38000 	C:\WINDOWS\System32\PSAPI.DLL
0x00007ffef1470000 - 0x00007ffef1479000 	C:\WINDOWS\SYSTEM32\WSOCK32.dll
0x00007ffefe550000 - 0x00007ffefe5bc000 	C:\WINDOWS\System32\WS2_32.dll
0x00007ffef7070000 - 0x00007ffef7093000 	C:\WINDOWS\SYSTEM32\WINMM.dll
0x00007ffeeefc0000 - 0x00007ffeeefca000 	C:\WINDOWS\SYSTEM32\VERSION.dll
0x00007ffef7040000 - 0x00007ffef706a000 	C:\WINDOWS\SYSTEM32\WINMMBASE.dll
0x00007ffefb4f0000 - 0x00007ffefb539000 	C:\WINDOWS\System32\cfgmgr32.dll
0x00000000750e0000 - 0x00000000750ef000 	D:\tools\java8\jdk\jre\bin\verify.dll
0x00000000750b0000 - 0x00000000750d9000 	D:\tools\java8\jdk\jre\bin\java.dll
0x0000000075050000 - 0x0000000075073000 	D:\tools\java8\jdk\jre\bin\instrument.dll
0x0000000075080000 - 0x0000000075096000 	D:\tools\java8\jdk\jre\bin\zip.dll
0x00007ffefc090000 - 0x00007ffefd4d0000 	C:\WINDOWS\System32\SHELL32.dll
0x00007ffefba80000 - 0x00007ffefbb29000 	C:\WINDOWS\System32\shcore.dll
0x00007ffefacd0000 - 0x00007ffefb3dd000 	C:\WINDOWS\System32\windows.storage.dll
0x00007ffefbe40000 - 0x00007ffefbe91000 	C:\WINDOWS\System32\shlwapi.dll
0x00007ffefa980000 - 0x00007ffefa991000 	C:\WINDOWS\System32\kernel.appcore.dll
0x00007ffefa960000 - 0x00007ffefa97f000 	C:\WINDOWS\System32\profapi.dll
0x00007ffefa910000 - 0x00007ffefa95c000 	C:\WINDOWS\System32\powrprof.dll
0x00007ffefa900000 - 0x00007ffefa90a000 	C:\WINDOWS\System32\FLTLIB.DLL
0x00007ffef6320000 - 0x00007ffef633a000 	D:\tools\IntelliJ IDEA 2017.3.4\bin\breakgen64.dll
0x0000000074c40000 - 0x0000000074c5a000 	D:\tools\java8\jdk\jre\bin\net.dll
0x00007ffefa180000 - 0x00007ffefa1e6000 	C:\WINDOWS\system32\mswsock.dll
0x00000000729b0000 - 0x0000000072b48000 	D:\tools\java8\jdk\jre\bin\awt.dll
0x00007ffefd8c0000 - 0x00007ffefd982000 	C:\WINDOWS\System32\OLEAUT32.dll
0x00007ffef8c60000 - 0x00007ffef8ceb000 	C:\WINDOWS\SYSTEM32\apphelp.dll

VM Arguments:
jvm_args: -javaagent:D:\tools\IntelliJ IDEA 2017.3.4\lib\idea_rt.jar=12870:D:\tools\IntelliJ IDEA 2017.3.4\bin -Dfile.encoding=UTF-8 
java_command: UI
java_class_path (initial): D:\tools\java8\jdk\jre\lib\charsets.jar;D:\tools\java8\jdk\jre\lib\deploy.jar;D:\tools\java8\jdk\jre\lib\ext\access-bridge-64.jar;D:\tools\java8\jdk\jre\lib\ext\cldrdata.jar;D:\tools\java8\jdk\jre\lib\ext\dnsns.jar;D:\tools\java8\jdk\jre\lib\ext\jaccess.jar;D:\tools\java8\jdk\jre\lib\ext\jfxrt.jar;D:\tools\java8\jdk\jre\lib\ext\localedata.jar;D:\tools\java8\jdk\jre\lib\ext\nashorn.jar;D:\tools\java8\jdk\jre\lib\ext\sunec.jar;D:\tools\java8\jdk\jre\lib\ext\sunjce_provider.jar;D:\tools\java8\jdk\jre\lib\ext\sunmscapi.jar;D:\tools\java8\jdk\jre\lib\ext\sunpkcs11.jar;D:\tools\java8\jdk\jre\lib\ext\zipfs.jar;D:\tools\java8\jdk\jre\lib\javaws.jar;D:\tools\java8\jdk\jre\lib\jce.jar;D:\tools\java8\jdk\jre\lib\jfr.jar;D:\tools\java8\jdk\jre\lib\jfxswt.jar;D:\tools\java8\jdk\jre\lib\jsse.jar;D:\tools\java8\jdk\jre\lib\management-agent.jar;D:\tools\java8\jdk\jre\lib\plugin.jar;D:\tools\java8\jdk\jre\lib\resources.jar;D:\tools\java8\jdk\jre\lib\rt.jar;E:\javacodes\cryptography\out\production\cryptography;D:\tools\IntelliJ IDEA 2017.3.4\lib\idea_rt.jar
Launcher Type: SUN_STANDARD

Environment Variables:
JAVA_HOME=D:\tools\java8\jdk
CLASSPATH=.;D:\tools\java8\jdk\lib\dt.jar;D:\tools\java8\jdk\lib\tools.jar;
PATH=C:\ProgramData\Oracle\Java\javapath;C:\WINDOWS\system32;C:\WINDOWS;C:\WINDOWS\System32\Wbem;C:\WINDOWS\System32\WindowsPowerShell\v1.0\;D:\tools\java8\jdk\bin;D:\Program Files\MySQL\MySQL Server 5.7\bin;D:\tools\apache-maven-3.3.9\bin;C:\Program Files\MySQL\MySQL Utilities 1.6\;D:\tools\TDM-GCC-32\bin;D:\tools\Git\cmd;D:\tools\thisiscool-gcc\gcc-4.3\bin;D:\tools\zookeeper-3.4.10\bin;D:\tools\python3;D:\tools\nodejs\;C:\Go\bin;C:\Program Files (x86)\Skype\Phone\;C:\WINDOWS\System32\OpenSSH\;D:\tools\python3\Scripts\;D:\tools\python3\;C:\Users\dxw\AppData\Local\Microsoft\WindowsApps;;C:\Users\dxw\AppData\Roaming\npm;D:\tools\Microsoft VS Code\bin;%USERPROFILE%\AppData\Local\Microsoft\WindowsApps
USERNAME=dxw
OS=Windows_NT
PROCESSOR_IDENTIFIER=Intel64 Family 6 Model 60 Stepping 3, GenuineIntel



---------------  S Y S T E M  ---------------

OS: Windows 10.0 , 64 bit Build 17134 (10.0.17134.1)

CPU:total 4 (2 cores per cpu, 2 threads per core) family 6 model 60 stepping 3, cmov, cx8, fxsr, mmx, sse, sse2, sse3, ssse3, sse4.1, sse4.2, popcnt, avx, avx2, aes, clmul, erms, lzcnt, ht, tsc, tscinvbit, bmi1, bmi2

Memory: 4k page, physical 8139116k(2264444k free), swap 18379112k(3088k free)

vm_info: Java HotSpot(TM) 64-Bit Server VM (25.121-b13) for windows-amd64 JRE (1.8.0_121-b13), built on Dec 12 2016 18:21:36 by "java_re" with MS VC++ 10.0 (VS2010)

time: Wed May 16 14:35:45 2018
elapsed time: 0 seconds (0d 0h 0m 0s)

